<?xml version="1.0" encoding="UTF-8"?>
<!-- Generated by org.testng.reporters.JUnitReportReporter -->
<testsuite hostname="DESKTOP-O6I509E" failures="0" tests="1" name="PracticeMaven.Login" time="0.015" errors="0" timestamp="2023-01-18T12:44:55 IST" skipped="0">
  <testcase classname="PracticeMaven.Login" name="loginApp" time="0.015"/>
  <system-out/>
</testsuite> <!-- PracticeMaven.Login -->
