<?xml version="1.0" encoding="UTF-8"?>
<!-- Generated by org.testng.reporters.JUnitReportReporter -->
<testsuite hostname="DESKTOP-O6I509E" failures="0" tests="1" name="PracticeMaven.Update" time="0.013" errors="0" timestamp="2023-01-18T10:26:01 IST" skipped="0">
  <testcase classname="PracticeMaven.Update" name="delete" time="0.013"/>
  <system-out/>
</testsuite> <!-- PracticeMaven.Update -->
