<?xml version="1.0" encoding="UTF-8"?>
<!-- Generated by org.testng.reporters.JUnitReportReporter -->
<testsuite hostname="DESKTOP-O6I509E" failures="0" tests="1" name="PracticeMaven.CreateTest" time="0.003" errors="0" timestamp="2023-01-18T10:26:01 IST" skipped="0">
  <testcase classname="PracticeMaven.CreateTest" name="edit" time="0.003"/>
  <system-out/>
</testsuite> <!-- PracticeMaven.CreateTest -->
